[93mWARNING [0m:   DEPRECATED FEATURE: flwr.client.start_client() is deprecated.
	Instead, use the `flower-supernode` CLI command to start a SuperNode as shown below:

		$ flower-supernode --insecure --superlink='<IP>:<PORT>'

	To view all available options, run:

		$ flower-supernode --help

	Using `start_client()` is deprecated.

            This is a deprecated feature. It will be removed
            entirely in future versions of Flower.
        
[92mINFO [0m:      
[92mINFO [0m:      Received: train message eb83b1fc-50bd-4d66-a0e7-ab185bc1f3da
Client 2: training started
Client 2: training finished
Client 2: sending parameters
[92mINFO [0m:      Sent reply
[92mINFO [0m:      
[92mINFO [0m:      Received: evaluate message b2dff696-8e7b-4c24-8d31-227d8b4666cc
Client 2: evaluation started
Client 2: accuracy = 0.8353
[92mINFO [0m:      Sent reply
[92mINFO [0m:      
[92mINFO [0m:      Received: train message 7958d5bb-4e96-4750-9338-4d7634c39879
Client 2: training started
Client 2: training finished
Client 2: sending parameters
[92mINFO [0m:      Sent reply
[92mINFO [0m:      
[92mINFO [0m:      Received: evaluate message 94283935-d55e-488a-b2e5-ccddf5118756
Client 2: evaluation started
