[93mWARNING [0m:   DEPRECATED FEATURE: flwr.client.start_client() is deprecated.
	Instead, use the `flower-supernode` CLI command to start a SuperNode as shown below:

		$ flower-supernode --insecure --superlink='<IP>:<PORT>'

	To view all available options, run:

		$ flower-supernode --help

	Using `start_client()` is deprecated.

            This is a deprecated feature. It will be removed
            entirely in future versions of Flower.
        
[92mINFO [0m:      
[92mINFO [0m:      Received: train message 917568d1-e2c1-47da-9670-ccad6050cc09
Client 0: training started
Client 0: training finished
Client 0: sending parameters
[92mINFO [0m:      Sent reply
[92mINFO [0m:      
[92mINFO [0m:      Received: evaluate message b4126468-e8c0-4499-b943-8c2fbc12abe8
Client 0: evaluation started
Client 0: accuracy = 0.8368
[92mINFO [0m:      Sent reply
[92mINFO [0m:      
[92mINFO [0m:      Received: train message 8070bcec-1cd1-4da7-878e-f5245a0b448a
Client 0: training started
Client 0: training finished
Client 0: sending parameters
[92mINFO [0m:      Sent reply
[92mINFO [0m:      
[92mINFO [0m:      Received: evaluate message c5214861-048b-4f39-9f2d-28bdf894c458
Client 0: evaluation started
